<?xml version="1.0" encoding="utf-8"?><testsuites name="pytest tests"><testsuite name="pytest" errors="0" failures="0" skipped="0" tests="18" time="8.139" timestamp="2026-09-02T00:47:12.504125+00:00" hostname="agent-env-29633430-e628-4a96-853c-7ac7fdb9b0d7"><testcase classname="tests.test_auth_password.TestLogin" name="test_login_by_username" time="0.726" /><testcase classname="tests.test_auth_password.TestCreateAdmin" name="test_create_admin_with_password" time="2.001" /><testcase classname="tests.test_auth_password.TestLogin" name="test_login_by_email" time="0.373" /><testcase classname="tests.test_auth_password.TestLogin" name="test_login_admin_rbac" time="0.882" /><testcase classname="tests.test_auth_password.TestLogin" name="test_remember_me_expiry" time="0.716" /><testcase classname="tests.test_auth_password.TestCreateAdmin" name="test_create_admin_without_password" time="0.367" /><testcase classname="tests.test_auth_password.TestCreateAdmin" name="test_duplicate_username" time="0.345" /><testcase classname="tests.test_auth_password.TestLogin" name="test_wrong_password" time="0.386" /><testcase classname="tests.test_auth_password.TestCreateAdmin" name="test_cleanup_created_admin" time="0.391" /><testcase classname="tests.test_auth_password.TestLogin" name="test_unknown_identifier" time="0.142" /><testcase classname="tests.test_auth_password.TestResetPassword" name="test_super_admin_resets_admintest" time="3.490" /><testcase classname="tests.test_auth_password.TestLogin" name="test_protected_route_without_auth" time="0.259" /><testcase classname="tests.test_auth_password.TestLogin" name="test_old_google_endpoint_removed" time="0.138" /><testcase classname="tests.test_auth_password.TestLockout" name="test_lockout_after_5_failed" time="2.604" /><testcase classname="tests.test_auth_password.TestInactive" name="test_inactive_login_blocked" time="0.594" /><testcase classname="tests.test_auth_password.TestResetPassword" name="test_reset_password_too_short" time="0.228" /><testcase classname="tests.test_auth_password.TestAuthMe" name="test_me_via_cookie" time="0.465" /><testcase classname="tests.test_auth_password.TestAuthMe" name="test_me_via_bearer" time="0.155" /></testsuite></testsuites>