<?xml version="1.0" encoding="utf-8"?><testsuites name="pytest tests"><testsuite name="pytest" errors="0" failures="0" skipped="0" tests="11" time="1.664" timestamp="2026-09-02T00:27:27.816569+00:00" hostname="agent-env-29633430-e628-4a96-853c-7ac7fdb9b0d7"><testcase classname="tests.test_cors_bearer_auth.TestDirectBackendCORS" name="test_preflight_github_origin_reflected" time="0.004" /><testcase classname="tests.test_cors_bearer_auth.TestPublicBearerCrossOrigin" name="test_auth_me_owner" time="0.356" /><testcase classname="tests.test_cors_bearer_auth.TestDirectBackendCORS" name="test_preflight_preview_origin_reflected" time="0.002" /><testcase classname="tests.test_cors_bearer_auth.TestDirectBackendCORS" name="test_preflight_evil_origin_not_reflected" time="0.002" /><testcase classname="tests.test_cors_bearer_auth.TestLogoutBearer" name="test_me_works_before_logout" time="0.382" /><testcase classname="tests.test_cors_bearer_auth.TestPublicBearerCrossOrigin" name="test_dashboard_stats" time="0.147" /><testcase classname="tests.test_cors_bearer_auth.TestLogoutBearer" name="test_logout_bearer_and_verify_deleted" time="0.327" /><testcase classname="tests.test_cors_bearer_auth.TestPublicBearerCrossOrigin" name="test_santri_list" time="0.138" /><testcase classname="tests.test_cors_bearer_auth.TestPublicBearerCrossOrigin" name="test_pembayaran_list" time="0.149" /><testcase classname="tests.test_cors_bearer_auth.TestAuthNegatives" name="test_me_no_token" time="0.178" /><testcase classname="tests.test_cors_bearer_auth.TestAuthNegatives" name="test_me_invalid_token" time="0.330" /></testsuite></testsuites>