<?xml version="1.0" encoding="utf-8"?><testsuites name="pytest tests"><testsuite name="pytest" errors="0" failures="0" skipped="0" tests="28" time="3.303" timestamp="2026-09-01T21:59:50.217962+00:00" hostname="agent-env-29633430-e628-4a96-853c-7ac7fdb9b0d7"><testcase classname="tests.backend_test.TestMaster" name="test_get_programs" time="0.460" /><testcase classname="tests.backend_test.TestSantri" name="test_list" time="0.464" /><testcase classname="tests.backend_test.TestMaster" name="test_get_kelas" time="0.094" /><testcase classname="tests.backend_test.TestSantri" name="test_filter_gender" time="0.100" /><testcase classname="tests.backend_test.TestMaster" name="test_get_payment_types" time="0.099" /><testcase classname="tests.backend_test.TestSantri" name="test_filter_q" time="0.089" /><testcase classname="tests.backend_test.TestSantri" name="test_create_update_get_delete" time="0.492" /><testcase classname="tests.backend_test.TestMaster" name="test_post_master" time="0.256" /><testcase classname="tests.backend_test.TestMaster" name="test_unknown_master" time="0.096" /><testcase classname="tests.backend_test.TestAdmins" name="test_list_admins_owner" time="0.138" /><testcase classname="tests.backend_test.TestAdmins" name="test_admin_forbidden" time="0.148" /><testcase classname="tests.backend_test.TestSantri" name="test_admin_cannot_delete_santri" time="0.418" /><testcase classname="tests.backend_test.TestAdmins" name="test_create_admin_forbidden" time="0.074" /><testcase classname="tests.backend_test.TestDashboard" name="test_stats" time="0.092" /><testcase classname="tests.backend_test.TestDashboard" name="test_charts" time="0.092" /><testcase classname="tests.backend_test.TestTagihan" name="test_list" time="0.144" /><testcase classname="tests.backend_test.TestAuth" name="test_unauth_returns_401" time="0.117" /><testcase classname="tests.backend_test.TestAuth" name="test_auth_me_owner" time="0.090" /><testcase classname="tests.backend_test.TestTagihan" name="test_create_batch" time="0.106" /><testcase classname="tests.backend_test.TestAuth" name="test_auth_me_admin" time="0.068" /><testcase classname="tests.backend_test.TestPembayaran" name="test_list" time="0.096" /><testcase classname="tests.backend_test.TestExport" name="test_export_xlsx" time="0.107" /><testcase classname="tests.backend_test.TestPembayaran" name="test_create_and_kwitansi_and_invoice_link" time="0.608" /><testcase classname="tests.backend_test.TestExport" name="test_template_xlsx" time="0.104" /><testcase classname="tests.backend_test.TestSearch" name="test_search" time="0.086" /><testcase classname="tests.backend_test.TestLaporan" name="test_laporan" time="0.100" /><testcase classname="tests.backend_test.TestAktivitas" name="test_list_owner" time="0.131" /><testcase classname="tests.backend_test.TestAktivitas" name="test_admin_forbidden" time="0.071" /></testsuite></testsuites>